<?xml version="1.0" encoding="UTF-8"?>
<!-- Generated by org.testng.reporters.JUnitReportReporter -->
<testsuite skipped="0" hostname="DESKTOP-4M1NO52" name="com.training.sanity.tests.RegistrationRETC001" tests="1" failures="0" timestamp="2019-09-09T12:35:29 IST" time="20.113" errors="0">
  <testcase name="validLoginTest" time="20.113" classname="com.training.sanity.tests.RegistrationRETC001"/>
</testsuite> <!-- com.training.sanity.tests.RegistrationRETC001 -->
